<?xml version="1.0" encoding="UTF-8"?>
<testsuites name="Patch Posts" time="9.548" tests="1" failures="0" errors="0">
   <testsuite name="Patch Posts" tests="1" failures="0" errors="0" time="9.548" skipped="0" timestamp="12-02-2024T15:38:49" hostname="LENOVO - DESKTOP-SKHBD1C" id="Test Suites/Patch Posts">
      <properties>
         <property name="deviceName" value=""/>
         <property name="devicePlatform" value=""/>
         <property name="logFolder" value="C:\\Users\\LENOVO\\git\\katalon-taskapi-Zahwa-Aqila-Nabilia-S\\Reports\\20240212_153745\\Patch Posts\\20240212_153750"/>
         <property name="logFiles" value="C:\\Users\\LENOVO\\git\\katalon-taskapi-Zahwa-Aqila-Nabilia-S\\Reports\\20240212_153745\\Patch Posts\\20240212_153750\\execution0.log"/>
         <property name="attachments" value=""/>
         <property name="hostName" value="LENOVO - DESKTOP-SKHBD1C"/>
         <property name="hostAddress" value="172.16.38.192"/>
         <property name="os" value="Windows 11 64bit"/>
         <property name="katalonVersion" value="9.2.0.212"/>
      </properties>
      <testcase name="Test Cases/Patch Posts" time="9.147" classname="Test Cases/Patch Posts" status="PASSED">
         <system-out><![CDATA[12-02-2024T15:38:49 - [TEST_CASE][PASSED] - Test Cases/Patch Posts: Test Cases/Patch Posts

12-02-2024T15:38:50 - [TEST_STEP][PASSED] - sendRequestAndVerify(findTestObject("Patch Posts", ["title":"foo"])): Send request and verify the response successfully

12-02-2024T15:38:55 - [MESSAGE][INFO] - HAR: C:\Users\LENOVO\git\katalon-taskapi-Zahwa-Aqila-Nabilia-S\Reports\20240212_153745\Patch Posts\20240212_153750\requests\main\0.har

12-02-2024T15:38:56 - [TEST_CASE][PASSED] - Start Test Case : Verification: Verification accomplished successfully

12-02-2024T15:38:56 - [TEST_STEP][PASSED] - request = getInstance().getCurrentRequest(): null

12-02-2024T15:38:56 - [TEST_STEP][PASSED] - response = getInstance().getCurrentResponse(): null

12-02-2024T15:38:56 - [MESSAGE][PASSED] - Verify response successfully

12-02-2024T15:38:56 - [MESSAGE][PASSED] - All validation steps have been passed

12-02-2024T15:38:56 - [MESSAGE][PASSED] - Send request and verify the response successfully

12-02-2024T15:38:58 - [TEST_STEP][PASSED] - Video: Video recording for test case 'Test Cases/Patch Posts' .

12-02-2024T15:38:58 - [MESSAGE][INFO] - Video recording for test case 'Test Cases/Patch Posts' .]]></system-out>
         <system-err><![CDATA[]]></system-err>
      </testcase>
      <system-out><![CDATA[12-02-2024T15:38:49 - [TEST_SUITE][PASSED] - Patch Posts: Test Cases/Patch Posts]]></system-out>
      <system-err><![CDATA[]]></system-err>
   </testsuite>
</testsuites>
